6BB Conte di Cavour has less than 50% fuel remaining!
Game autosaved
BB Conte di Cavour sights an unknown ship
BB Conte di Cavour sights an unknown ship
BB Conte di Cavour identifies unknown ship as BB
BB Giulio Cesare opens fire at BB!
BB Conte di Cavour opens fire at BB!
BB Giulio Cesare has lost sight of target
BB Conte di Cavour sights an unknown ship
BB Giulio Cesare fires 9 13in guns at BB! Target straddled!  0 hits
BB Conte di Cavour identifies unknown ship as CA
BB Conte di Cavour opens fire at CA!
BB opens fire at BB Conte di Cavour!
CA opens fire at BB Conte di Cavour!
BB Conte di Cavour fires 9 13in guns at CA! 1 hits
2CA Hit
BB opens fire at BB Giulio Cesare!
BB Giulio Cesare fires 9 13in guns at BB! Target straddled!  0 hits
BB Giulio Cesare fires 9 13in guns at BB! Target straddled!  0 hits
BB fires 10 heavy guns at BB Giulio Cesare! Target straddled!  0 hits
BB Conte di Cavour identifies BB as BB Andrea Doria-class
BB Andrea Doria-class fires 8 heavy guns at BB Giulio Cesare! Target straddled!  1 hits
2BB Giulio Cesare Hull hit BE *
BB Giulio Cesare fires 8 13in guns at BB Andrea Doria-class! Target straddled!  1 hits
2BB Andrea Doria-class Hit
BB Andrea Doria-class opens fire at BB Conte di Cavour!
CA fires 7 heavy guns at BB Conte di Cavour! Target straddled!  0 hits
BB Andrea Doria-class fires 5 heavy guns at BB Conte di Cavour! Target straddled!  1 hits
2BB Conte di Cavour Hull passthrough hit *
BB Conte di Cavour fires 8 13in guns at CA! Target straddled!  0 hits
BB Giulio Cesare opens fire at CA!
BB Conte di Cavour fires 9 13in guns at CA! Target straddled!  0 hits
BB Conte di Cavour fires 10 13in guns at CA! Target straddled!  0 hits
BB Giulio Cesare fires 9 13in guns at CA! Target straddled!  1 hits
2CA Hit
BB Conte di Cavour fires 10 13in guns at CA! Target straddled!  2 hits
2CA Hit
2CA Hit
BB Conte di Cavour identifies CA as BB Andrea Doria-class
BB Andrea Doria-class fires 6 heavy guns at BB Conte di Cavour! Target straddled!  2 hits
2BB Conte di Cavour Hull hit BE *
2BB Conte di Cavour Turret Y hit TT
BB Conte di Cavour identifies BB as BB Andrea Doria-class
BB Andrea Doria-class fires 7 heavy guns at BB Conte di Cavour! 1 hits
2BB Conte di Cavour Hull hit D
BB Giulio Cesare opens fire at BB Andrea Doria-class!
BB Giulio Cesare fires 4 13in guns at BB Andrea Doria-class! 1 hits
2BB Andrea Doria-class Hit
BB Conte di Cavour opens fire at BB Andrea Doria-class!
BB Andrea Doria-class fires 10 heavy guns at BB Conte di Cavour! Target straddled!  0 hits
BB Conte di Cavour fires 3 5in guns at BB Andrea Doria-class! 1 hits
2BB Andrea Doria-class Hit
BB Andrea Doria-class fires 10 heavy guns at BB Conte di Cavour! Target straddled!  2 hits
2BB Conte di Cavour Turret Y hit TT Turret disabled
2BB Conte di Cavour Superstructure hit BE * 
BB Andrea Doria-class fires 2 heavy guns at BB Conte di Cavour! Target straddled!  0 hits
BB Andrea Doria-class fires 10 heavy guns at BB Conte di Cavour! Target straddled!  1 hits
2BB Conte di Cavour Hull hit
BB Andrea Doria-class fires 7 medium guns at BB Conte di Cavour! 1 hits
2BB Conte di Cavour Near miss!
BB Andrea Doria-class fires 3 heavy guns at BB Conte di Cavour! Target straddled!  0 hits
BB Conte di Cavour fires 5 13in guns at BB Andrea Doria-class! Target straddled!  0 hits
BB Andrea Doria-class fires 2 heavy guns at BB Conte di Cavour! Target straddled!  0 hits
BB Conte di Cavour fires 7 13in guns at BB Andrea Doria-class! Target straddled!  1 hits
2BB Andrea Doria-class Hit
BB Conte di Cavour fires 6 5in guns at BB Andrea Doria-class! 1 hits
2BB Andrea Doria-class Hit
BB Conte di Cavour fires 6 5in guns at BB Andrea Doria-class! 1 hits
2BB Andrea Doria-class Hit
BB Conte di Cavour fires 6 13in guns at BB Andrea Doria-class! Target straddled!  0 hits
BB Conte di Cavour fires 6 5in guns at BB Andrea Doria-class! 1 hits
2BB Andrea Doria-class Hit
BB Giulio Cesare fires 10 13in guns at BB Andrea Doria-class! Target straddled!  2 hits
2BB Andrea Doria-class Hit
2BB Andrea Doria-class Hit
BB Giulio Cesare fires 4 4in guns at BB Andrea Doria-class! 1 hits
2BB Andrea Doria-class Hit
CA fires 4 heavy guns at BB Conte di Cavour! 1 hits
2BB Conte di Cavour Secondary battery hit * 
BB Conte di Cavour fires 6 13in guns at BB Andrea Doria-class! Target straddled!  0 hits
BB Giulio Cesare fires 8 13in guns at BB Andrea Doria-class! Target straddled!  1 hits
2BB Andrea Doria-class Hit
BB Giulio Cesare fires 6 5in guns at BB Andrea Doria-class! 1 hits
2BB Andrea Doria-class Hit
BB Conte di Cavour fires 5 13in guns at BB Andrea Doria-class! 1 hits
2BB Andrea Doria-class Hit
BB Giulio Cesare fires 10 13in guns at BB Andrea Doria-class! Target straddled!  1 hits
2BB Andrea Doria-class Hit
BB Andrea Doria-class fires 6 heavy guns at BB Conte di Cavour! 1 hits
2BB Conte di Cavour Turret A hit T * Turret destroyed
BB Andrea Doria-class fires 4 heavy guns at BB Conte di Cavour! Target straddled!  0 hits
BB Giulio Cesare fires 5 13in guns at BB Andrea Doria-class! Target straddled!  1 hits
2BB Andrea Doria-class Hit
CA fires 2 heavy guns at BB Conte di Cavour! Target straddled!  0 hits
BB Andrea Doria-class fires 4 heavy guns at BB Conte di Cavour! Target straddled!  0 hits
BB Conte di Cavour fires 2 13in guns at BB Andrea Doria-class! Target straddled!  0 hits
BB Conte di Cavour fires 4 5in guns at BB Andrea Doria-class! 1 hits
2BB Andrea Doria-class Hit
BB Giulio Cesare fires 4 4in guns at BB Andrea Doria-class! 2 hits
2BB Andrea Doria-class Hit
2BB Andrea Doria-class Hit
BB Andrea Doria-class fires 2 heavy guns at BB Conte di Cavour! Target straddled!  0 hits
BB Conte di Cavour fires 4 13in guns at BB Andrea Doria-class! 1 hits
2BB Andrea Doria-class Hit
BB Conte di Cavour fires 4 13in guns at BB Andrea Doria-class! Target straddled!  0 hits
BB Giulio Cesare fires 10 13in guns at BB Andrea Doria-class! 1 hits
2BB Andrea Doria-class Hit
BB Conte di Cavour fires 2 13in guns at BB Andrea Doria-class! Target straddled!  0 hits
BB Conte di Cavour sights an unknown ship
BB Conte di Cavour fires 2 13in guns at BB Andrea Doria-class! Target straddled!  0 hits
BB Conte di Cavour fires 2 5in guns at BB Andrea Doria-class! 1 hits
2BB Andrea Doria-class Hit
BB Conte di Cavour identifies unknown ship as BB
BB Conte di Cavour fires 2 13in guns at BB Andrea Doria-class! Target straddled!  0 hits
Game autosaved
BB Giulio Cesare fires 5 13in guns at BB Andrea Doria-class! Target straddled!  0 hits
BB Giulio Cesare fires 4 13in guns at BB Andrea Doria-class! Target straddled!  0 hits
BB fires 6 heavy guns at BB Conte di Cavour! Target straddled!  0 hits
BB Giulio Cesare fires 9 13in guns at BB Andrea Doria-class! Target straddled!  0 hits
BB Conte di Cavour Turret back in action!
BB Conte di Cavour fires 7 13in guns at BB Andrea Doria-class! Target straddled!  0 hits
BB Conte di Cavour fires 6 13in guns at BB Andrea Doria-class! Target straddled!  0 hits
BB Conte di Cavour identifies BB as BB Andrea Doria-class
BB Conte di Cavour fires 7 13in guns at BB Andrea Doria-class! Target straddled!  2 hits
2BB Andrea Doria-class Hit
2BB Andrea Doria-class Hit
BB Giulio Cesare fires 6 5in guns at BB Andrea Doria-class! 1 hits
2BB Andrea Doria-class Hit
BB Conte di Cavour fires 7 13in guns at BB Andrea Doria-class! Target straddled!  0 hits
BB Andrea Doria-class fires 9 heavy guns at BB Conte di Cavour! 1 hits
2BB Conte di Cavour Engine room hit B
BB Andrea Doria-class fires 1 heavy guns at BB Conte di Cavour! Target straddled!  0 hits
BB Giulio Cesare fires 9 13in guns at BB Andrea Doria-class! Target straddled!  1 hits
2BB Andrea Doria-class Hit
BB Giulio Cesare fires 10 13in guns at BB Andrea Doria-class! Target straddled!  2 hits
2BB Andrea Doria-class Hit
2BB Andrea Doria-class Hit
BB Andrea Doria-class fires 4 heavy guns at BB Conte di Cavour! Target straddled!  0 hits
BB Andrea Doria-class fires 4 heavy guns at BB Conte di Cavour! Target straddled!  0 hits
BB Giulio Cesare fires 9 13in guns at BB Andrea Doria-class! Target straddled!  3 hits
2BB Andrea Doria-class Hit
9BB Andrea Doria-class Turret Y hit T * Turret flash fire! Ship blows up!
2BB Andrea Doria-class Hit
BB Andrea Doria-class fires 10 heavy guns at BB Conte di Cavour! Target straddled!  1 hits
2BB Conte di Cavour Turret A hit T *
BB Conte di Cavour opens fire at BB Andrea Doria-class!
BB Giulio Cesare opens fire at BB Andrea Doria-class!
BB Andrea Doria-class fires 8 heavy guns at BB Conte di Cavour! Target straddled!  0 hits
BB Giulio Cesare fires 9 13in guns at BB Andrea Doria-class! Target straddled!  0 hits
BB Giulio Cesare fires 10 13in guns at BB Andrea Doria-class! Target straddled!  0 hits
BB Conte di Cavour fires 7 13in guns at BB Andrea Doria-class! Target straddled!  0 hits
BB Giulio Cesare fires 10 13in guns at BB Andrea Doria-class! Target straddled!  0 hits
BB Conte di Cavour fires 6 13in guns at BB Andrea Doria-class! Target straddled!  1 hits
2BB Andrea Doria-class Hit
BB Conte di Cavour fires 5 13in guns at BB Andrea Doria-class! Target straddled!  1 hits
2BB Andrea Doria-class Hit
BB Giulio Cesare fires 10 13in guns at BB Andrea Doria-class! Target straddled!  0 hits
BB Conte di Cavour fires 5 13in guns at BB Andrea Doria-class! Target straddled!  0 hits
BB Andrea Doria-class fires 10 heavy guns at BB Conte di Cavour! Target straddled!  0 hits
BB Andrea Doria-class fires 10 heavy guns at BB Conte di Cavour! Target straddled!  0 hits
BB Andrea Doria-class fires 10 heavy guns at BB Conte di Cavour! Target straddled!  0 hits
BB Conte di Cavour fires 6 13in guns at BB Andrea Doria-class! Target straddled!  0 hits
BB Giulio Cesare fires 8 13in guns at BB Andrea Doria-class! Target straddled!  1 hits
2BB Andrea Doria-class Hit
BB Conte di Cavour fires 6 13in guns at BB Andrea Doria-class! Target straddled!  0 hits
BB Conte di Cavour fires 5 13in guns at BB Andrea Doria-class! Target straddled!  0 hits
BB Giulio Cesare fires 9 13in guns at BB Andrea Doria-class! Target straddled!  1 hits
2BB Andrea Doria-class Hit
BB Conte di Cavour fires 7 13in guns at BB Andrea Doria-class! Target straddled!  1 hits
2BB Andrea Doria-class Hit
BB Giulio Cesare fires 9 13in guns at BB Andrea Doria-class! Target straddled!  1 hits
2BB Andrea Doria-class Hit
BB Giulio Cesare fires 10 13in guns at BB Andrea Doria-class! Target straddled!  1 hits
2BB Andrea Doria-class Hit
BB Giulio Cesare fires 10 13in guns at BB Andrea Doria-class! Target straddled!  3 hits
2BB Andrea Doria-class Hit
2BB Andrea Doria-class Hit
2BB Andrea Doria-class Hit
BB Giulio Cesare fires 10 13in guns at BB Andrea Doria-class! Target straddled!  1 hits
2BB Andrea Doria-class Hit
BB Conte di Cavour fires 6 13in guns at BB Andrea Doria-class! Target straddled!  0 hits
BB Giulio Cesare fires 10 13in guns at BB Andrea Doria-class! Target straddled!  3 hits
2BB Andrea Doria-class Hit
2BB Andrea Doria-class Hit
2BB Andrea Doria-class Hit
BB Andrea Doria-class fires 4 heavy guns at BB Conte di Cavour! Target straddled!  0 hits
BB Giulio Cesare fires 10 13in guns at BB Andrea Doria-class! Target straddled!  1 hits
2BB Andrea Doria-class Hit
BB Giulio Cesare fires 8 13in guns at BB Andrea Doria-class! Target straddled!  0 hits
BB Giulio Cesare fires 9 13in guns at BB Andrea Doria-class! Target straddled!  1 hits
2BB Andrea Doria-class Hit
BB Giulio Cesare fires 10 13in guns at BB Andrea Doria-class! Target straddled!  0 hits
BB Andrea Doria-class fires 5 heavy guns at BB Conte di Cavour! Target straddled!  1 hits
2BB Conte di Cavour Superstructure hit * 
BB Giulio Cesare fires 9 13in guns at BB Andrea Doria-class! 1 hits
2BB Andrea Doria-class Hit
BB Andrea Doria-class fires 5 heavy guns at BB Conte di Cavour! Target straddled!  0 hits
BB Conte di Cavour fires 7 13in guns at BB Andrea Doria-class! 1 hits
2BB Andrea Doria-class Hit
BB Giulio Cesare fires 6 5in guns at BB Andrea Doria-class! 1 hits
2BB Andrea Doria-class Hit
BB Conte di Cavour fires 7 13in guns at BB Andrea Doria-class! Target straddled!  0 hits
BB Conte di Cavour fires 7 13in guns at BB Andrea Doria-class! Target straddled!  1 hits
2BB Andrea Doria-class Hit
BB Giulio Cesare fires 10 13in guns at BB Andrea Doria-class! Target straddled!  0 hits
BB Giulio Cesare fires 6 5in guns at BB Andrea Doria-class! 1 hits
2BB Andrea Doria-class Hit
BB Giulio Cesare fires 10 13in guns at BB Andrea Doria-class! Target straddled!  2 hits
2BB Andrea Doria-class Hit
2BB Andrea Doria-class Hit
BB Conte di Cavour fires 5 13in guns at BB Andrea Doria-class! Target straddled!  2 hits
2BB Andrea Doria-class Hit
2BB Andrea Doria-class Hit
BB Giulio Cesare fires 9 13in guns at BB Andrea Doria-class! Target straddled!  2 hits
2BB Andrea Doria-class Hit
2BB Andrea Doria-class Hit
BB Giulio Cesare fires 4 4in guns at BB Andrea Doria-class! 1 hits
2BB Andrea Doria-class Hit
BB Conte di Cavour fires 6 13in guns at BB Andrea Doria-class! Target straddled!  1 hits
2BB Andrea Doria-class Hit
BB Giulio Cesare fires 8 13in guns at BB Andrea Doria-class! 1 hits
2BB Andrea Doria-class Hit
BB Giulio Cesare fires 4 13in guns at BB Andrea Doria-class! Target straddled!  0 hits
BB Giulio Cesare fires 2 4in guns at BB Andrea Doria-class! 1 hits
2BB Andrea Doria-class Hit
BB Giulio Cesare fires 4 13in guns at BB Andrea Doria-class! 1 hits
2BB Andrea Doria-class Hit
