10 08:40 
10 08:41 
10 08:45 
10 08:46 
10 08:49 
10 08:49 
10 08:49 
10 08:50 
10 08:51 
10 08:54 
10 08:57 
10 08:57 
10 08:58 
10 08:58 
10 08:58 
10 08:58 
10 09:00 
10 09:00 
10 09:01 
10 09:01 
10 09:02 
10 09:02 
10 09:02 
10 09:02 
10 09:02 
10 09:03 
10 09:04 
10 09:05 
10 09:05 
10 09:06 
10 09:06 
10 09:09 
10 09:10 
10 09:10 
10 09:10 
10 09:11 
10 09:11 
10 09:11 
10 09:12 
10 09:12 
10 09:12 
10 09:12 
10 09:13 
10 09:13 
10 09:13 
10 09:13 
10 09:13 
10 09:13 
10 09:14 
10 09:15 
10 09:15 
10 09:15 
10 09:16 
10 09:16 
10 09:16 
10 09:16 
10 09:17 
10 09:17 
10 09:17 
10 09:17 
10 09:17 
10 09:17 
10 09:18 
10 09:18 
10 09:18 
10 09:18 
10 09:18 
10 09:19 
10 09:19 
10 09:21 
10 09:21 
10 09:21 
10 09:21 
10 09:21 
10 09:21 
10 09:21 
10 09:21 
10 09:21 
10 09:21 
10 09:22 
10 09:22 
10 09:22 
10 09:22 
10 09:22 
10 09:23 
10 09:23 
10 09:23 
10 09:23 
10 09:23 
10 09:23 
10 09:24 
10 09:24 
10 09:24 
10 09:26 
10 09:27 
10 09:28 
10 09:30 
10 09:30 
10 09:32 
10 09:32 
10 09:32 
10 09:32 
10 09:33 
10 09:33 
10 09:34 
10 09:36 
10 09:36 
10 09:36 
10 09:37 
10 09:37 
10 09:37 
10 09:37 
10 09:39 
10 09:39 
10 09:40 
10 09:42 
10 09:43 
10 09:44 
10 09:44 
10 09:45 
10 09:46 
10 09:47 
10 09:48 
10 09:48 
10 09:48 
10 09:48 
10 09:48 
10 09:48 
10 09:49 
10 09:50 
10 09:50 
10 09:50 
10 09:51 
10 09:51 
10 09:52 
10 09:52 
10 09:52 
10 09:52 
10 09:53 
10 09:53 
10 09:53 
10 09:53 
10 09:53 
10 09:54 
10 09:54 
10 09:55 
10 09:55 
10 09:55 
10 09:57 
10 09:58 
10 09:58 
10 09:59 
10 09:59 
10 09:59 
10 10:00 
10 10:00 
10 10:01 
10 10:04 
10 10:05 
10 10:06 
10 10:07 
10 10:08 
10 10:08 
10 10:08 
10 10:09 
10 10:10 
10 10:11 
10 10:11 
10 10:11 
10 10:11 
10 10:12 
10 10:12 
10 10:13 
10 10:13 
10 10:14 
10 10:14 
10 10:14 
10 10:14 
10 10:15 
10 10:15 
10 10:15 
10 10:17 
10 10:17 
10 10:17 
10 10:17 
10 10:17 
10 10:18 
10 10:18 
10 10:20 
10 10:21 
10 10:21 
10 10:22 
10 10:23 
10 10:23 
10 10:23 
10 10:23 
10 10:24 
10 10:25 
10 10:25 
10 10:28 
10 10:28 
10 10:28 
10 10:29 
10 10:29 
10 10:29 
10 10:29 
10 10:29 
10 10:30 
10 10:30 
10 10:30 
10 10:30 
10 10:30 
10 10:30 
10 10:31 
10 10:31 
10 10:31 
10 10:31 
10 10:31 
10 10:31 
10 10:31 
10 10:32 
10 10:32 
10 10:33 
10 10:34 
10 10:34 
10 10:37 
10 10:37 
